<?xml version="1.0" encoding="UTF-8"?>
<testsuite name="LibraryTest" tests="1" skipped="0" failures="0" errors="0" timestamp="2019-01-22T22:30:25" hostname="srostamiPC" time="0.03">
  <properties/>
  <testcase name="testSomeLibraryMethod" classname="LibraryTest" time="0.03"/>
  <system-out><![CDATA[]]></system-out>
  <system-err><![CDATA[]]></system-err>
</testsuite>
